16:55:40.510 [SpringApplicationShutdownHook] INFO  o.s.b.w.e.tomcat.GracefulShutdown -Commencing graceful shutdown. Waiting for active requests to complete
16:55:40.579 [tomcat-shutdown] INFO  o.s.b.w.e.tomcat.GracefulShutdown -Graceful shutdown complete
16:55:40.584 [SpringApplicationShutdownHook] INFO  o.s.o.j.LocalContainerEntityManagerFactoryBean -Closing JPA EntityManagerFactory for persistence unit 'default'
16:55:40.588 [SpringApplicationShutdownHook] INFO  com.zaxxer.hikari.HikariDataSource -HikariPool-1 - Shutdown initiated...
16:55:40.603 [SpringApplicationShutdownHook] INFO  com.zaxxer.hikari.HikariDataSource -HikariPool-1 - Shutdown completed.
16:55:45.886 [background-preinit] INFO  o.h.validator.internal.util.Version -HV000001: Hibernate Validator 8.0.2.Final
16:55:45.993 [main] INFO  c.r.edufleet.EdufleetApplication -Starting EdufleetApplication using Java 17.0.12 with PID 28572 (D:\LEARNING\java\edufleet\target\classes started by ritsm in D:\LEARNING\java\edufleet)
16:55:46.001 [main] INFO  c.r.edufleet.EdufleetApplication -No active profile set, falling back to 1 default profile: "default"
16:55:47.625 [main] INFO  o.s.d.r.c.RepositoryConfigurationDelegate -Bootstrapping Spring Data JPA repositories in DEFAULT mode.
16:55:47.753 [main] INFO  o.s.d.r.c.RepositoryConfigurationDelegate -Finished Spring Data repository scanning in 106 ms. Found 2 JPA repository interfaces.
16:55:48.854 [main] INFO  o.s.b.w.e.tomcat.TomcatWebServer -Tomcat initialized with port 7001 (http)
16:55:48.870 [main] INFO  o.a.coyote.http11.Http11NioProtocol -Initializing ProtocolHandler ["http-nio-7001"]
16:55:48.872 [main] INFO  o.a.catalina.core.StandardService -Starting service [Tomcat]
16:55:48.873 [main] INFO  o.a.catalina.core.StandardEngine -Starting Servlet engine: [Apache Tomcat/10.1.42]
16:55:48.974 [main] INFO  o.a.c.c.C.[Tomcat].[localhost].[/] -Initializing Spring embedded WebApplicationContext
16:55:48.975 [main] INFO  o.s.b.w.s.c.ServletWebServerApplicationContext -Root WebApplicationContext: initialization completed in 2833 ms
16:55:49.233 [main] INFO  o.h.jpa.internal.util.LogHelper -HHH000204: Processing PersistenceUnitInfo [name: default]
16:55:49.317 [main] INFO  org.hibernate.Version -HHH000412: Hibernate ORM core version 6.6.18.Final
16:55:49.372 [main] INFO  o.h.c.i.RegionFactoryInitiator -HHH000026: Second-level cache disabled
16:55:49.791 [main] INFO  o.s.o.j.p.SpringPersistenceUnitInfo -No LoadTimeWeaver setup: ignoring JPA class transformer
16:55:49.832 [main] INFO  com.zaxxer.hikari.HikariDataSource -HikariPool-1 - Starting...
16:55:50.033 [main] INFO  com.zaxxer.hikari.pool.HikariPool -HikariPool-1 - Added connection org.postgresql.jdbc.PgConnection@6e794f53
16:55:50.035 [main] INFO  com.zaxxer.hikari.HikariDataSource -HikariPool-1 - Start completed.
16:55:50.067 [main] WARN  org.hibernate.orm.deprecation -HHH90000025: PostgreSQLDialect does not need to be specified explicitly using 'hibernate.dialect' (remove the property setting and it will be selected by default)
16:55:50.091 [main] INFO  o.hibernate.orm.connections.pooling -HHH10001005: Database info:
	Database JDBC URL [Connecting through datasource 'HikariDataSource (HikariPool-1)']
	Database driver: undefined/unknown
	Database version: 16.6
	Autocommit mode: undefined/unknown
	Isolation level: undefined/unknown
	Minimum pool size: undefined/unknown
	Maximum pool size: undefined/unknown
16:55:51.138 [main] INFO  o.h.e.t.j.p.i.JtaPlatformInitiator -HHH000489: No JTA platform available (set 'hibernate.transaction.jta.platform' to enable JTA platform integration)
16:55:51.208 [main] INFO  o.s.o.j.LocalContainerEntityManagerFactoryBean -Initialized JPA EntityManagerFactory for persistence unit 'default'
16:55:51.750 [main] INFO  o.s.s.c.a.a.c.InitializeUserDetailsBeanManagerConfigurer$InitializeUserDetailsManagerConfigurer -Global AuthenticationManager configured with UserDetailsService bean with name userServiceImpl
16:55:51.846 [main] WARN  o.s.b.a.o.j.JpaBaseConfiguration$JpaWebConfiguration -spring.jpa.open-in-view is enabled by default. Therefore, database queries may be performed during view rendering. Explicitly configure spring.jpa.open-in-view to disable this warning
16:55:52.825 [main] INFO  o.a.coyote.http11.Http11NioProtocol -Starting ProtocolHandler ["http-nio-7001"]
16:55:52.851 [main] INFO  o.s.b.w.e.tomcat.TomcatWebServer -Tomcat started on port 7001 (http) with context path '/'
16:55:52.866 [main] INFO  c.r.edufleet.EdufleetApplication -Started EdufleetApplication in 7.695 seconds (process running for 8.425)
