17:00:20.083 [SpringApplicationShutdownHook] INFO  o.s.b.w.e.tomcat.GracefulShutdown -Commencing graceful shutdown. Waiting for active requests to complete
17:00:20.152 [tomcat-shutdown] INFO  o.s.b.w.e.tomcat.GracefulShutdown -Graceful shutdown complete
17:00:20.157 [SpringApplicationShutdownHook] INFO  o.s.o.j.LocalContainerEntityManagerFactoryBean -Closing JPA EntityManagerFactory for persistence unit 'default'
17:00:20.165 [SpringApplicationShutdownHook] INFO  com.zaxxer.hikari.HikariDataSource -HikariPool-1 - Shutdown initiated...
17:00:20.182 [SpringApplicationShutdownHook] INFO  com.zaxxer.hikari.HikariDataSource -HikariPool-1 - Shutdown completed.
17:00:24.305 [background-preinit] INFO  o.h.validator.internal.util.Version -HV000001: Hibernate Validator 8.0.2.Final
17:00:24.419 [main] INFO  c.r.edufleet.EdufleetApplication -Starting EdufleetApplication using Java 17.0.12 with PID 16468 (D:\LEARNING\java\edufleet\target\classes started by ritsm in D:\LEARNING\java\edufleet)
17:00:24.423 [main] INFO  c.r.edufleet.EdufleetApplication -No active profile set, falling back to 1 default profile: "default"
17:00:25.915 [main] INFO  o.s.d.r.c.RepositoryConfigurationDelegate -Bootstrapping Spring Data JPA repositories in DEFAULT mode.
17:00:26.045 [main] INFO  o.s.d.r.c.RepositoryConfigurationDelegate -Finished Spring Data repository scanning in 112 ms. Found 2 JPA repository interfaces.
17:00:27.062 [main] INFO  o.s.b.w.e.tomcat.TomcatWebServer -Tomcat initialized with port 7001 (http)
17:00:27.085 [main] INFO  o.a.coyote.http11.Http11NioProtocol -Initializing ProtocolHandler ["http-nio-7001"]
17:00:27.088 [main] INFO  o.a.catalina.core.StandardService -Starting service [Tomcat]
17:00:27.088 [main] INFO  o.a.catalina.core.StandardEngine -Starting Servlet engine: [Apache Tomcat/10.1.42]
17:00:27.182 [main] INFO  o.a.c.c.C.[Tomcat].[localhost].[/] -Initializing Spring embedded WebApplicationContext
17:00:27.183 [main] INFO  o.s.b.w.s.c.ServletWebServerApplicationContext -Root WebApplicationContext: initialization completed in 2645 ms
17:00:27.419 [main] INFO  o.h.jpa.internal.util.LogHelper -HHH000204: Processing PersistenceUnitInfo [name: default]
17:00:27.499 [main] INFO  org.hibernate.Version -HHH000412: Hibernate ORM core version 6.6.18.Final
17:00:27.575 [main] INFO  o.h.c.i.RegionFactoryInitiator -HHH000026: Second-level cache disabled
17:00:28.076 [main] INFO  o.s.o.j.p.SpringPersistenceUnitInfo -No LoadTimeWeaver setup: ignoring JPA class transformer
17:00:28.129 [main] INFO  com.zaxxer.hikari.HikariDataSource -HikariPool-1 - Starting...
17:00:28.329 [main] INFO  com.zaxxer.hikari.pool.HikariPool -HikariPool-1 - Added connection org.postgresql.jdbc.PgConnection@63c84d31
17:00:28.331 [main] INFO  com.zaxxer.hikari.HikariDataSource -HikariPool-1 - Start completed.
17:00:28.377 [main] WARN  org.hibernate.orm.deprecation -HHH90000025: PostgreSQLDialect does not need to be specified explicitly using 'hibernate.dialect' (remove the property setting and it will be selected by default)
17:00:28.402 [main] INFO  o.hibernate.orm.connections.pooling -HHH10001005: Database info:
	Database JDBC URL [Connecting through datasource 'HikariDataSource (HikariPool-1)']
	Database driver: undefined/unknown
	Database version: 16.6
	Autocommit mode: undefined/unknown
	Isolation level: undefined/unknown
	Minimum pool size: undefined/unknown
	Maximum pool size: undefined/unknown
17:00:29.671 [main] INFO  o.h.e.t.j.p.i.JtaPlatformInitiator -HHH000489: No JTA platform available (set 'hibernate.transaction.jta.platform' to enable JTA platform integration)
17:00:29.758 [main] INFO  o.s.o.j.LocalContainerEntityManagerFactoryBean -Initialized JPA EntityManagerFactory for persistence unit 'default'
17:00:30.313 [main] INFO  o.s.s.c.a.a.c.InitializeUserDetailsBeanManagerConfigurer$InitializeUserDetailsManagerConfigurer -Global AuthenticationManager configured with UserDetailsService bean with name userServiceImpl
17:00:30.407 [main] WARN  o.s.b.a.o.j.JpaBaseConfiguration$JpaWebConfiguration -spring.jpa.open-in-view is enabled by default. Therefore, database queries may be performed during view rendering. Explicitly configure spring.jpa.open-in-view to disable this warning
17:00:31.249 [main] INFO  o.a.coyote.http11.Http11NioProtocol -Starting ProtocolHandler ["http-nio-7001"]
17:00:31.296 [main] INFO  o.s.b.w.e.tomcat.TomcatWebServer -Tomcat started on port 7001 (http) with context path '/'
17:00:31.316 [main] INFO  c.r.edufleet.EdufleetApplication -Started EdufleetApplication in 7.601 seconds (process running for 8.246)
17:00:42.366 [http-nio-7001-exec-1] INFO  o.a.c.c.C.[Tomcat].[localhost].[/] -Initializing Spring DispatcherServlet 'dispatcherServlet'
17:00:42.366 [http-nio-7001-exec-1] INFO  o.s.web.servlet.DispatcherServlet -Initializing Servlet 'dispatcherServlet'
17:00:42.367 [http-nio-7001-exec-1] INFO  o.s.web.servlet.DispatcherServlet -Completed initialization in 1 ms
17:00:42.403 [http-nio-7001-exec-1] WARN  c.r.edufleet.filter.JwtAuthFilter -Auth header 1::Bearer eyJhbGciOiJIUzI1NiJ9.eyJzdWIiOiJyaXRlc2hAZXhhbXBsZS5jb20iLCJpYXQiOjE3NTM3ODY5ODMsImV4cCI6MTc1Mzg3MzM4M30.Y42dO00jSfxx1bdJh25bSoYZ1faklwri7R63bJ3sWfE
17:00:42.465 [http-nio-7001-exec-1] WARN  c.r.edufleet.filter.JwtAuthFilter -Auth emailqqqqqqqqq::ritesh@example.com
17:00:42.474 [http-nio-7001-exec-1] WARN  c.r.e.auth.service.UserServiceImpl -What email:::::::::::;ritesh@example.com
17:00:42.640 [http-nio-7001-exec-1] DEBUG org.hibernate.SQL -select u1_0.id,u1_0.created_at,u1_0.email,u1_0.password,u1_0.role_id,u1_0.updated_at,u1_0.username from users u1_0 where u1_0.email=?
17:00:42.696 [http-nio-7001-exec-1] DEBUG org.hibernate.SQL -select r1_0.id,r1_0.created_at,r1_0.is_active,r1_0.name,r1_0.updated_at from roles r1_0 where r1_0.id=?
17:00:42.723 [http-nio-7001-exec-1] WARN  c.r.e.auth.service.UserServiceImpl -What is the role name?STUDENT
17:00:42.728 [http-nio-7001-exec-1] WARN  c.r.edufleet.filter.JwtAuthFilter -Auth userDetails::ritesh@example.com
17:00:42.734 [http-nio-7001-exec-1] INFO  c.r.edufleet.filter.LoggerFilter -Incoming request: [GET] /role/adMin from IP: 0:0:0:0:0:0:0:1
17:00:42.798 [http-nio-7001-exec-1] ERROR c.r.edufleet.config.ExceptionHandler -error:::Access Denied
17:00:42.871 [http-nio-7001-exec-1] INFO  c.r.edufleet.filter.LoggerFilter -Response status for [GET /role/adMin]: 403
17:00:44.100 [http-nio-7001-exec-3] WARN  c.r.edufleet.filter.JwtAuthFilter -Auth header 1::Bearer eyJhbGciOiJIUzI1NiJ9.eyJzdWIiOiJyaXRlc2hAZXhhbXBsZS5jb20iLCJpYXQiOjE3NTM3ODY5ODMsImV4cCI6MTc1Mzg3MzM4M30.Y42dO00jSfxx1bdJh25bSoYZ1faklwri7R63bJ3sWfE
17:00:44.103 [http-nio-7001-exec-3] WARN  c.r.edufleet.filter.JwtAuthFilter -Auth emailqqqqqqqqq::ritesh@example.com
17:00:44.104 [http-nio-7001-exec-3] WARN  c.r.e.auth.service.UserServiceImpl -What email:::::::::::;ritesh@example.com
17:00:44.106 [http-nio-7001-exec-3] DEBUG org.hibernate.SQL -select u1_0.id,u1_0.created_at,u1_0.email,u1_0.password,u1_0.role_id,u1_0.updated_at,u1_0.username from users u1_0 where u1_0.email=?
17:00:44.108 [http-nio-7001-exec-3] DEBUG org.hibernate.SQL -select r1_0.id,r1_0.created_at,r1_0.is_active,r1_0.name,r1_0.updated_at from roles r1_0 where r1_0.id=?
17:00:44.109 [http-nio-7001-exec-3] WARN  c.r.e.auth.service.UserServiceImpl -What is the role name?STUDENT
17:00:44.110 [http-nio-7001-exec-3] WARN  c.r.edufleet.filter.JwtAuthFilter -Auth userDetails::ritesh@example.com
17:00:44.113 [http-nio-7001-exec-3] INFO  c.r.edufleet.filter.LoggerFilter -Incoming request: [GET] /role/adMin from IP: 0:0:0:0:0:0:0:1
17:00:44.115 [http-nio-7001-exec-3] ERROR c.r.edufleet.config.ExceptionHandler -error:::Access Denied
17:00:44.117 [http-nio-7001-exec-3] INFO  c.r.edufleet.filter.LoggerFilter -Response status for [GET /role/adMin]: 403
