16:56:10.082 [SpringApplicationShutdownHook] INFO  o.s.b.w.e.tomcat.GracefulShutdown -Commencing graceful shutdown. Waiting for active requests to complete
16:56:10.156 [tomcat-shutdown] INFO  o.s.b.w.e.tomcat.GracefulShutdown -Graceful shutdown complete
16:56:10.162 [SpringApplicationShutdownHook] INFO  o.s.o.j.LocalContainerEntityManagerFactoryBean -Closing JPA EntityManagerFactory for persistence unit 'default'
16:56:10.166 [SpringApplicationShutdownHook] INFO  com.zaxxer.hikari.HikariDataSource -HikariPool-1 - Shutdown initiated...
16:56:10.179 [SpringApplicationShutdownHook] INFO  com.zaxxer.hikari.HikariDataSource -HikariPool-1 - Shutdown completed.
16:56:14.321 [background-preinit] INFO  o.h.validator.internal.util.Version -HV000001: Hibernate Validator 8.0.2.Final
16:56:14.459 [main] INFO  c.r.edufleet.EdufleetApplication -Starting EdufleetApplication using Java 17.0.12 with PID 11780 (D:\LEARNING\java\edufleet\target\classes started by ritsm in D:\LEARNING\java\edufleet)
16:56:14.464 [main] INFO  c.r.edufleet.EdufleetApplication -No active profile set, falling back to 1 default profile: "default"
16:56:15.907 [main] INFO  o.s.d.r.c.RepositoryConfigurationDelegate -Bootstrapping Spring Data JPA repositories in DEFAULT mode.
16:56:16.023 [main] INFO  o.s.d.r.c.RepositoryConfigurationDelegate -Finished Spring Data repository scanning in 98 ms. Found 2 JPA repository interfaces.
16:56:17.007 [main] INFO  o.s.b.w.e.tomcat.TomcatWebServer -Tomcat initialized with port 7001 (http)
16:56:17.026 [main] INFO  o.a.coyote.http11.Http11NioProtocol -Initializing ProtocolHandler ["http-nio-7001"]
16:56:17.029 [main] INFO  o.a.catalina.core.StandardService -Starting service [Tomcat]
16:56:17.030 [main] INFO  o.a.catalina.core.StandardEngine -Starting Servlet engine: [Apache Tomcat/10.1.42]
16:56:17.138 [main] INFO  o.a.c.c.C.[Tomcat].[localhost].[/] -Initializing Spring embedded WebApplicationContext
16:56:17.138 [main] INFO  o.s.b.w.s.c.ServletWebServerApplicationContext -Root WebApplicationContext: initialization completed in 2574 ms
16:56:17.357 [main] INFO  o.h.jpa.internal.util.LogHelper -HHH000204: Processing PersistenceUnitInfo [name: default]
16:56:17.466 [main] INFO  org.hibernate.Version -HHH000412: Hibernate ORM core version 6.6.18.Final
16:56:17.523 [main] INFO  o.h.c.i.RegionFactoryInitiator -HHH000026: Second-level cache disabled
16:56:17.945 [main] INFO  o.s.o.j.p.SpringPersistenceUnitInfo -No LoadTimeWeaver setup: ignoring JPA class transformer
16:56:18.004 [main] INFO  com.zaxxer.hikari.HikariDataSource -HikariPool-1 - Starting...
16:56:18.239 [main] INFO  com.zaxxer.hikari.pool.HikariPool -HikariPool-1 - Added connection org.postgresql.jdbc.PgConnection@63c84d31
16:56:18.241 [main] INFO  com.zaxxer.hikari.HikariDataSource -HikariPool-1 - Start completed.
16:56:18.268 [main] WARN  org.hibernate.orm.deprecation -HHH90000025: PostgreSQLDialect does not need to be specified explicitly using 'hibernate.dialect' (remove the property setting and it will be selected by default)
16:56:18.297 [main] INFO  o.hibernate.orm.connections.pooling -HHH10001005: Database info:
	Database JDBC URL [Connecting through datasource 'HikariDataSource (HikariPool-1)']
	Database driver: undefined/unknown
	Database version: 16.6
	Autocommit mode: undefined/unknown
	Isolation level: undefined/unknown
	Minimum pool size: undefined/unknown
	Maximum pool size: undefined/unknown
16:56:19.509 [main] INFO  o.h.e.t.j.p.i.JtaPlatformInitiator -HHH000489: No JTA platform available (set 'hibernate.transaction.jta.platform' to enable JTA platform integration)
16:56:19.586 [main] INFO  o.s.o.j.LocalContainerEntityManagerFactoryBean -Initialized JPA EntityManagerFactory for persistence unit 'default'
16:56:20.271 [main] INFO  o.s.s.c.a.a.c.InitializeUserDetailsBeanManagerConfigurer$InitializeUserDetailsManagerConfigurer -Global AuthenticationManager configured with UserDetailsService bean with name userServiceImpl
16:56:20.365 [main] WARN  o.s.b.a.o.j.JpaBaseConfiguration$JpaWebConfiguration -spring.jpa.open-in-view is enabled by default. Therefore, database queries may be performed during view rendering. Explicitly configure spring.jpa.open-in-view to disable this warning
16:56:21.289 [main] INFO  o.a.coyote.http11.Http11NioProtocol -Starting ProtocolHandler ["http-nio-7001"]
16:56:21.321 [main] INFO  o.s.b.w.e.tomcat.TomcatWebServer -Tomcat started on port 7001 (http) with context path '/'
16:56:21.334 [main] INFO  c.r.edufleet.EdufleetApplication -Started EdufleetApplication in 7.631 seconds (process running for 8.29)
16:56:24.070 [http-nio-7001-exec-1] INFO  o.a.c.c.C.[Tomcat].[localhost].[/] -Initializing Spring DispatcherServlet 'dispatcherServlet'
16:56:24.071 [http-nio-7001-exec-1] INFO  o.s.web.servlet.DispatcherServlet -Initializing Servlet 'dispatcherServlet'
16:56:24.073 [http-nio-7001-exec-1] INFO  o.s.web.servlet.DispatcherServlet -Completed initialization in 2 ms
16:56:24.128 [http-nio-7001-exec-1] WARN  c.r.edufleet.filter.JwtAuthFilter -Auth header 1::Bearer eyJhbGciOiJIUzI1NiJ9.eyJzdWIiOiJyaXRlc2hAZXhhbXBsZS5jb20iLCJpYXQiOjE3NTM3ODY5ODMsImV4cCI6MTc1Mzg3MzM4M30.Y42dO00jSfxx1bdJh25bSoYZ1faklwri7R63bJ3sWfE
16:56:24.198 [http-nio-7001-exec-1] WARN  c.r.edufleet.filter.JwtAuthFilter -Auth emailqqqqqqqqq::ritesh@example.com
16:56:24.207 [http-nio-7001-exec-1] WARN  c.r.e.auth.service.UserServiceImpl -What email:::::::::::;ritesh@example.com
16:56:24.379 [http-nio-7001-exec-1] DEBUG org.hibernate.SQL -select u1_0.id,u1_0.created_at,u1_0.email,u1_0.password,u1_0.role_id,u1_0.updated_at,u1_0.username from users u1_0 where u1_0.email=?
16:56:24.413 [http-nio-7001-exec-1] DEBUG org.hibernate.SQL -select r1_0.id,r1_0.created_at,r1_0.is_active,r1_0.name,r1_0.updated_at from roles r1_0 where r1_0.id=?
16:56:24.426 [http-nio-7001-exec-1] WARN  c.r.e.auth.service.UserServiceImpl -What is the role name?STUDENT
16:56:24.430 [http-nio-7001-exec-1] WARN  c.r.edufleet.filter.JwtAuthFilter -Auth userDetails::ritesh@example.com
16:56:24.444 [http-nio-7001-exec-1] INFO  c.r.edufleet.filter.LoggerFilter -Incoming request: [GET] /role/adMin from IP: 0:0:0:0:0:0:0:1
16:56:24.519 [http-nio-7001-exec-1] ERROR c.r.edufleet.config.ExceptionHandler -error:::Access Denied
16:56:24.564 [http-nio-7001-exec-1] INFO  c.r.edufleet.filter.LoggerFilter -Response status for [GET /role/adMin]: 500
16:56:26.212 [http-nio-7001-exec-5] WARN  c.r.edufleet.filter.JwtAuthFilter -Auth header 1::Bearer eyJhbGciOiJIUzI1NiJ9.eyJzdWIiOiJyaXRlc2hAZXhhbXBsZS5jb20iLCJpYXQiOjE3NTM3ODY5ODMsImV4cCI6MTc1Mzg3MzM4M30.Y42dO00jSfxx1bdJh25bSoYZ1faklwri7R63bJ3sWfE
16:56:26.217 [http-nio-7001-exec-5] WARN  c.r.edufleet.filter.JwtAuthFilter -Auth emailqqqqqqqqq::ritesh@example.com
16:56:26.219 [http-nio-7001-exec-5] WARN  c.r.e.auth.service.UserServiceImpl -What email:::::::::::;ritesh@example.com
16:56:26.222 [http-nio-7001-exec-5] DEBUG org.hibernate.SQL -select u1_0.id,u1_0.created_at,u1_0.email,u1_0.password,u1_0.role_id,u1_0.updated_at,u1_0.username from users u1_0 where u1_0.email=?
16:56:26.225 [http-nio-7001-exec-5] DEBUG org.hibernate.SQL -select r1_0.id,r1_0.created_at,r1_0.is_active,r1_0.name,r1_0.updated_at from roles r1_0 where r1_0.id=?
16:56:26.227 [http-nio-7001-exec-5] WARN  c.r.e.auth.service.UserServiceImpl -What is the role name?STUDENT
16:56:26.228 [http-nio-7001-exec-5] WARN  c.r.edufleet.filter.JwtAuthFilter -Auth userDetails::ritesh@example.com
16:56:26.231 [http-nio-7001-exec-5] INFO  c.r.edufleet.filter.LoggerFilter -Incoming request: [GET] /role/adMin from IP: 0:0:0:0:0:0:0:1
16:56:26.234 [http-nio-7001-exec-5] ERROR c.r.edufleet.config.ExceptionHandler -error:::Access Denied
16:56:26.236 [http-nio-7001-exec-5] INFO  c.r.edufleet.filter.LoggerFilter -Response status for [GET /role/adMin]: 500
