17:02:09.759 [http-nio-7001-exec-8] WARN  c.r.edufleet.filter.JwtAuthFilter -Auth header 1::Basic Og==
17:02:09.761 [http-nio-7001-exec-8] INFO  c.r.edufleet.filter.LoggerFilter -Incoming request: [POST] /auth/login from IP: 0:0:0:0:0:0:0:1
17:02:09.862 [http-nio-7001-exec-8] WARN  c.r.e.auth.service.UserServiceImpl -What email:::::::::::;admin@example.com
17:02:09.864 [http-nio-7001-exec-8] DEBUG org.hibernate.SQL -select u1_0.id,u1_0.created_at,u1_0.email,u1_0.password,u1_0.role_id,u1_0.updated_at,u1_0.username from users u1_0 where u1_0.email=?
17:02:09.867 [http-nio-7001-exec-8] DEBUG org.hibernate.SQL -select r1_0.id,r1_0.created_at,r1_0.is_active,r1_0.name,r1_0.updated_at from roles r1_0 where r1_0.id=?
17:02:09.869 [http-nio-7001-exec-8] WARN  c.r.e.auth.service.UserServiceImpl -What is the role name?ADMIN
17:02:09.971 [http-nio-7001-exec-8] INFO  c.r.edufleet.filter.LoggerFilter -Response status for [POST /auth/login]: 200
17:02:18.659 [http-nio-7001-exec-9] WARN  c.r.edufleet.filter.JwtAuthFilter -Auth header 1::Bearer eyJhbGciOiJIUzI1NiJ9.eyJzdWIiOiJhZG1pbkBleGFtcGxlLmNvbSIsImlhdCI6MTc1Mzc4ODcyOSwiZXhwIjoxNzUzODc1MTI5fQ.vXuIlZ8wsGvCBXq57Dh0M5QnR-xS3_t5nuWYQyQBJVM
17:02:18.662 [http-nio-7001-exec-9] WARN  c.r.edufleet.filter.JwtAuthFilter -Auth emailqqqqqqqqq::admin@example.com
17:02:18.664 [http-nio-7001-exec-9] WARN  c.r.e.auth.service.UserServiceImpl -What email:::::::::::;admin@example.com
17:02:18.666 [http-nio-7001-exec-9] DEBUG org.hibernate.SQL -select u1_0.id,u1_0.created_at,u1_0.email,u1_0.password,u1_0.role_id,u1_0.updated_at,u1_0.username from users u1_0 where u1_0.email=?
17:02:18.668 [http-nio-7001-exec-9] DEBUG org.hibernate.SQL -select r1_0.id,r1_0.created_at,r1_0.is_active,r1_0.name,r1_0.updated_at from roles r1_0 where r1_0.id=?
17:02:18.669 [http-nio-7001-exec-9] WARN  c.r.e.auth.service.UserServiceImpl -What is the role name?ADMIN
17:02:18.671 [http-nio-7001-exec-9] WARN  c.r.edufleet.filter.JwtAuthFilter -Auth userDetails::admin@example.com
17:02:18.673 [http-nio-7001-exec-9] INFO  c.r.edufleet.filter.LoggerFilter -Incoming request: [GET] /role/adMin from IP: 0:0:0:0:0:0:0:1
17:02:18.675 [http-nio-7001-exec-9] WARN  c.r.e.role.service.RoleService -What is the name>>>>>>>>>>>adMin
17:02:18.675 [http-nio-7001-exec-9] WARN  c.r.e.role.service.RoleService -What is the uRole>>>>>>>>>>>ADMIN
17:02:18.678 [http-nio-7001-exec-9] DEBUG org.hibernate.SQL -select r1_0.id,r1_0.created_at,r1_0.is_active,r1_0.name,r1_0.updated_at from roles r1_0 where r1_0.name=?
17:02:18.680 [http-nio-7001-exec-9] WARN  c.r.e.role.service.RoleService -What role did i fetch?ADMIN
17:02:18.684 [http-nio-7001-exec-9] DEBUG org.hibernate.SQL -select u1_0.role_id,u1_0.id,u1_0.created_at,u1_0.email,u1_0.password,u1_0.updated_at,u1_0.username from users u1_0 where u1_0.role_id=?
17:02:18.695 [http-nio-7001-exec-9] INFO  c.r.edufleet.filter.LoggerFilter -Response status for [GET /role/adMin]: 200
